<?xml version="1.0" encoding="UTF-8"?>
<!-- Generated by org.testng.reporters.JUnitReportReporter -->
<testsuite skipped="0" hostname="Maddy" name="week3day2.testcases.DeleteLeadUsingInterface" tests="1" failures="0" timestamp="05 Apr 2018 18:08:17 GMT" time="61.738" errors="0">
  <testcase name="deleteLead" time="61.738" classname="week3day2.testcases.DeleteLeadUsingInterface"/>
</testsuite> <!-- week3day2.testcases.DeleteLeadUsingInterface -->
