<?xml version="1.0" encoding="UTF-8"?>
<!-- Generated by org.testng.reporters.JUnitReportReporter -->
<testsuite skipped="0" hostname="Maddy" name="week4.testng.account.tcs.CreateAccountUsingInterface" tests="2" failures="0" timestamp="31 Mar 2018 07:37:24 GMT" time="37.398" errors="0">
  <testcase name="CreateAccount" time="26.826" classname="week4.testng.account.tcs.CreateAccountUsingInterface"/>
  <testcase name="CreateAccount" time="10.572" classname="week4.testng.account.tcs.CreateAccountUsingInterface"/>
</testsuite> <!-- week4.testng.account.tcs.CreateAccountUsingInterface -->
