<?xml version="1.0" encoding="UTF-8"?>
<!-- Generated by org.testng.reporters.JUnitReportReporter -->
<testsuite skipped="0" hostname="Maddy" name="week3day2.testcases.CreateLeadUsingInterface" tests="2" failures="0" timestamp="07 Apr 2018 07:16:54 GMT" time="54.439" errors="0">
  <testcase name="createLead" time="27.718" classname="week3day2.testcases.CreateLeadUsingInterface"/>
  <testcase name="createLead" time="26.721" classname="week3day2.testcases.CreateLeadUsingInterface"/>
</testsuite> <!-- week3day2.testcases.CreateLeadUsingInterface -->
