<?xml version="1.0" encoding="UTF-8"?>
<!-- Generated by org.testng.reporters.JUnitReportReporter -->
<testsuite skipped="0" hostname="Maddy" name="week4day1.Annotations" tests="3" failures="0" timestamp="01 Apr 2018 05:16:05 GMT" time="0.016" errors="0">
  <testcase name="test" time="0.000" classname="week4day1.Annotations"/>
  <testcase name="test1" time="0.000" classname="week4day1.Annotations"/>
  <testcase name="test2" time="0.016" classname="week4day1.Annotations"/>
</testsuite> <!-- week4day1.Annotations -->
