<?xml version="1.0" encoding="UTF-8"?>
<!-- Generated by org.testng.reporters.JUnitReportReporter -->
<testsuite skipped="0" hostname="Maddy" name="week3day2.testcases.EditLeadUsingInterface" tests="1" failures="0" timestamp="05 Apr 2018 18:08:17 GMT" time="36.777" errors="0">
  <testcase name="editLead" time="36.777" classname="week3day2.testcases.EditLeadUsingInterface"/>
</testsuite> <!-- week3day2.testcases.EditLeadUsingInterface -->
