<?xml version="1.0" encoding="UTF-8"?>
<!-- Generated by org.testng.reporters.JUnitReportReporter -->
<testsuite skipped="0" hostname="Maddy" name="week4.testng.contact.tcs.CreateContactusingInterface" tests="1" failures="0" timestamp="31 Mar 2018 06:12:24 GMT" time="54.188" errors="0">
  <testcase name="createContactTC" time="54.188" classname="week4.testng.contact.tcs.CreateContactusingInterface"/>
</testsuite> <!-- week4.testng.contact.tcs.CreateContactusingInterface -->
